<?xml version="1.0" encoding="UTF-8"?>
<testng-results skipped="0" failed="1" total="1" passed="0">
  <reporter-output>
  </reporter-output>
  <suite name="Suite" duration-ms="35335" started-at="2017-08-28T10:09:35Z" finished-at="2017-08-28T10:10:11Z">
    <groups>
    </groups>
    <test name="Test" duration-ms="35335" started-at="2017-08-28T10:09:35Z" finished-at="2017-08-28T10:10:11Z">
      <class name="com.hotelogix.AutomationFramework.test.admin.General.DefaultSettings.DefaultSettings">
        <test-method status="PASS" signature="Login()[pri:0, instance:com.hotelogix.AutomationFramework.test.admin.General.DefaultSettings.DefaultSettings@58ceff1]" name="Login" is-config="true" duration-ms="20787" started-at="2017-08-28T15:39:35Z" finished-at="2017-08-28T15:39:56Z">
          <reporter-output>
          </reporter-output>
        </test-method> <!-- Login -->
        <test-method status="FAIL" signature="fn_DefaultSetting()[pri:0, instance:com.hotelogix.AutomationFramework.test.admin.General.DefaultSettings.DefaultSettings@58ceff1]" name="fn_DefaultSetting" duration-ms="14518" started-at="2017-08-28T15:39:56Z" finished-at="2017-08-28T15:40:11Z">
          <exception class="java.lang.AssertionError">
            <message>
              <![CDATA[expected [- Default Settings Saved Successfully] but found []]]>
            </message>
            <full-stacktrace>
              <![CDATA[java.lang.AssertionError: expected [- Default Settings Saved Successfully] but found []
	at org.testng.Assert.fail(Assert.java:94)
	at org.testng.Assert.failNotEquals(Assert.java:494)
	at org.testng.Assert.assertEquals(Assert.java:123)
	at org.testng.Assert.assertEquals(Assert.java:176)
	at org.testng.Assert.assertEquals(Assert.java:186)
	at com.hotelogix.AutomationFramework.test.admin.General.DefaultSettings.DefaultSettings.fn_DefaultSetting(DefaultSettings.java:55)
	at sun.reflect.NativeMethodAccessorImpl.invoke0(Native Method)
	at sun.reflect.NativeMethodAccessorImpl.invoke(Unknown Source)
	at sun.reflect.DelegatingMethodAccessorImpl.invoke(Unknown Source)
	at java.lang.reflect.Method.invoke(Unknown Source)
	at org.testng.internal.MethodInvocationHelper.invokeMethod(MethodInvocationHelper.java:84)
	at org.testng.internal.Invoker.invokeMethod(Invoker.java:714)
	at org.testng.internal.Invoker.invokeTestMethod(Invoker.java:901)
	at org.testng.internal.Invoker.invokeTestMethods(Invoker.java:1231)
	at org.testng.internal.TestMethodWorker.invokeTestMethods(TestMethodWorker.java:127)
	at org.testng.internal.TestMethodWorker.run(TestMethodWorker.java:111)
	at org.testng.TestRunner.privateRun(TestRunner.java:767)
	at org.testng.TestRunner.run(TestRunner.java:617)
	at org.testng.SuiteRunner.runTest(SuiteRunner.java:348)
	at org.testng.SuiteRunner.runSequentially(SuiteRunner.java:343)
	at org.testng.SuiteRunner.privateRun(SuiteRunner.java:305)
	at org.testng.SuiteRunner.run(SuiteRunner.java:254)
	at org.testng.SuiteRunnerWorker.runSuite(SuiteRunnerWorker.java:52)
	at org.testng.SuiteRunnerWorker.run(SuiteRunnerWorker.java:86)
	at org.testng.TestNG.runSuitesSequentially(TestNG.java:1224)
	at org.testng.TestNG.runSuitesLocally(TestNG.java:1149)
	at org.testng.TestNG.run(TestNG.java:1057)
	at org.apache.maven.surefire.testng.TestNGExecutor.run(TestNGExecutor.java:295)
	at org.apache.maven.surefire.testng.TestNGXmlTestSuite.execute(TestNGXmlTestSuite.java:84)
	at org.apache.maven.surefire.testng.TestNGProvider.invoke(TestNGProvider.java:90)
	at org.apache.maven.surefire.booter.ForkedBooter.invokeProviderInSameClassLoader(ForkedBooter.java:203)
	at org.apache.maven.surefire.booter.ForkedBooter.runSuitesInProcess(ForkedBooter.java:155)
	at org.apache.maven.surefire.booter.ForkedBooter.main(ForkedBooter.java:103)
]]>
            </full-stacktrace>
          </exception> <!-- java.lang.AssertionError -->
          <reporter-output>
          </reporter-output>
        </test-method> <!-- fn_DefaultSetting -->
      </class> <!-- com.hotelogix.AutomationFramework.test.admin.General.DefaultSettings.DefaultSettings -->
    </test> <!-- Test -->
  </suite> <!-- Suite -->
</testng-results>
